<?xml version="1.0" encoding="UTF-8"?>
<!-- Generated by org.testng.reporters.JUnitReportReporter -->
<testsuite skipped="0" hostname="Shrinidhi" name="CRM.Sample" tests="1" failures="0" timestamp="19 Oct 2020 16:00:26 GMT" time="30.844" errors="0">
  <testcase name="ni" time="30.844" classname="CRM.Sample"/>
</testsuite> <!-- CRM.Sample -->
