<?xml version="1.0" encoding="UTF-8"?>
<!-- Generated by org.testng.reporters.JUnitReportReporter -->
<testsuite skipped="0" hostname="Shrinidhi" name="CRMerectTest.CreateInvoiceTest" tests="1" failures="0" timestamp="19 Oct 2020 18:09:27 GMT" time="7.877" errors="0">
  <testcase name="ni" time="7.877" classname="CRMerectTest.CreateInvoiceTest"/>
</testsuite> <!-- CRMerectTest.CreateInvoiceTest -->
